{
  "RSpec": {
    "coverage": {
      "/Users/ziadsoobratty/Projects/bank-tech-test/spec/account_spec.rb": {
        "lines": [
          1,
          null,
          1,
          5,
          1,
          1,
          1,
          null,
          null,
          null,
          1,
          1,
          1,
          1,
          null,
          null,
          null,
          1,
          1,
          1,
          1,
          1,
          null,
          null,
          null,
          1,
          1,
          1,
          1,
          1,
          1,
          null,
          null,
          null
        ]
      },
      "/Users/ziadsoobratty/Projects/bank-tech-test/lib/account.rb": {
        "lines": [
          1,
          1,
          1,
          1,
          4,
          4,
          null,
          null,
          null,
          1,
          3,
          3,
          null,
          null,
          1,
          2,
          2,
          null,
          null,
          null,
          1,
          null,
          1,
          5,
          null,
          null,
          null
        ]
      },
      "/Users/ziadsoobratty/Projects/bank-tech-test/spec/statement_spec.rb": {
        "lines": [
          1,
          1,
          null,
          1,
          2,
          2,
          null,
          1,
          1,
          1,
          null,
          null,
          null
        ]
      },
      "/Users/ziadsoobratty/Projects/bank-tech-test/lib/statement.rb": {
        "lines": [
          1,
          1,
          1,
          null,
          null,
          1,
          1,
          1,
          2,
          null,
          1,
          null,
          null
        ]
      }
    },
    "timestamp": 1585151107
  }
}
